This file contains any messages produced by compilers while
running configure, to aid debugging if configure makes a mistake.

It was created by configure, which was
generated by GNU Autoconf 2.65.  Invocation command line was

  $ ./configure --host=arm-linux-androideabi --prefix=/home/swang/AndroidStudioProjects/samples/PortingExistingBuildSystem/app/src/main/jni/libbmp-0.1.3 --exec-prefix=/home/swang/AndroidStudioProjects/samples/PortingExistingBuildSystem/app/src/main/jni/libbmp-0.1.3

## --------- ##
## Platform. ##
## --------- ##

hostname = manu-desktop
uname -m = x86_64
uname -r = 3.13.0-68-generic
uname -s = Linux
uname -v = #111-Ubuntu SMP Fri Nov 6 18:17:06 UTC 2015

/usr/bin/uname -p = unknown
/bin/uname -X     = unknown

/bin/arch              = unknown
/usr/bin/arch -k       = unknown
/usr/convex/getsysinfo = unknown
/usr/bin/hostinfo      = unknown
/bin/machine           = unknown
/usr/bin/oslevel       = unknown
/bin/universe          = unknown

PATH: /home/swang/bin
PATH: /home/swang/bin
PATH: /usr/local/sbin
PATH: /usr/local/bin
PATH: /usr/sbin
PATH: /usr/bin
PATH: /sbin
PATH: /bin
PATH: /usr/games
PATH: /usr/local/games
PATH: /home/swang/Android/Sdk/ndk-bundle
PATH: /home/swang/Android/Sdk/platform-tools
PATH: /home/swang/Android/Sdk/tools
PATH: /home/swang/android-studio/bin
PATH: /home/swang/Kit/jdk1.8.0_60/bin
PATH: /home/swang/Kit/jdk1.8.0_60/jre/bin
PATH: /home/swang/Kit/gradle-2.5/bin


## ----------- ##
## Core tests. ##
## ----------- ##

configure:2450: checking for a BSD-compatible install
configure:2518: result: /usr/bin/install -c
configure:2529: checking whether build environment is sane
configure:2579: result: yes
configure:2628: checking for arm-linux-androideabi-strip
configure:2658: result: no
configure:2668: checking for strip
configure:2684: found /usr/bin/strip
configure:2695: result: strip
configure:2720: checking for a thread-safe mkdir -p
configure:2759: result: /bin/mkdir -p
configure:2772: checking for gawk
configure:2788: found /usr/bin/gawk
configure:2799: result: gawk
configure:2810: checking whether make sets $(MAKE)
configure:2832: result: yes
configure:2925: checking for arm-linux-androideabi-gcc
configure:2952: result: /home/swang/Android/Sdk/ndk-bundle/toolchains/arm-linux-androideabi-4.8/prebuilt/linux-x86_64/bin/arm-linux-androideabi-gcc --sysroot=/home/swang/Android/Sdk/ndk-bundle/platforms/android-19/arch-arm/
configure:3221: checking for C compiler version
configure:3230: /home/swang/Android/Sdk/ndk-bundle/toolchains/arm-linux-androideabi-4.8/prebuilt/linux-x86_64/bin/arm-linux-androideabi-gcc --sysroot=/home/swang/Android/Sdk/ndk-bundle/platforms/android-19/arch-arm/ --version >&5
arm-linux-androideabi-gcc (GCC) 4.8
Copyright (C) 2013 Free Software Foundation, Inc.
This is free software; see the source for copying conditions.  There is NO
warranty; not even for MERCHANTABILITY or FITNESS FOR A PARTICULAR PURPOSE.

configure:3241: $? = 0
configure:3230: /home/swang/Android/Sdk/ndk-bundle/toolchains/arm-linux-androideabi-4.8/prebuilt/linux-x86_64/bin/arm-linux-androideabi-gcc --sysroot=/home/swang/Android/Sdk/ndk-bundle/platforms/android-19/arch-arm/ -v >&5
Using built-in specs.
COLLECT_GCC=/home/swang/Android/Sdk/ndk-bundle/toolchains/arm-linux-androideabi-4.8/prebuilt/linux-x86_64/bin/arm-linux-androideabi-gcc
COLLECT_LTO_WRAPPER=/home/swang/Android/Sdk/ndk-bundle/toolchains/arm-linux-androideabi-4.8/prebuilt/linux-x86_64/bin/../libexec/gcc/arm-linux-androideabi/4.8/lto-wrapper
Target: arm-linux-androideabi
Configured with: /s/ndk-toolchain/src/build/../gcc/gcc-4.8/configure --prefix=/tmp/ndk-andrewhsieh/build/toolchain/prefix --target=arm-linux-androideabi --host=x86_64-linux-gnu --build=x86_64-linux-gnu --with-gnu-as --with-gnu-ld --enable-languages=c,c++ --with-gmp=/tmp/ndk-andrewhsieh/build/toolchain/temp-install --with-mpfr=/tmp/ndk-andrewhsieh/build/toolchain/temp-install --with-mpc=/tmp/ndk-andrewhsieh/build/toolchain/temp-install --with-cloog=/tmp/ndk-andrewhsieh/build/toolchain/temp-install --with-isl=/tmp/ndk-andrewhsieh/build/toolchain/temp-install --with-ppl=/tmp/ndk-andrewhsieh/build/toolchain/temp-install --disable-ppl-version-check --disable-cloog-version-check --disable-isl-version-check --enable-cloog-backend=isl --with-host-libstdcxx='-static-libgcc -Wl,-Bstatic,-lstdc++,-Bdynamic -lm' --disable-libssp --enable-threads --disable-nls --disable-libmudflap --disable-libgomp --disable-libstdc__-v3 --disable-sjlj-exceptions --disable-shared --disable-tls --disable-libitm --with-float=soft --with-fpu=vfp --with-arch=armv5te --enable-target-optspace --enable-initfini-array --disable-nls --prefix=/tmp/ndk-andrewhsieh/build/toolchain/prefix --with-sysroot=/tmp/ndk-andrewhsieh/build/toolchain/prefix/sysroot --with-binutils-version=2.25 --with-mpfr-version=3.1.1 --with-mpc-version=1.0.1 --with-gmp-version=5.0.5 --with-gcc-version=4.8 --with-gdb-version=7.7 --with-python=/usr/local/google/home/andrewhsieh/mydroid/ndk/prebuilt/linux-x86_64/bin/python-config.sh --with-gxx-include-dir=/tmp/ndk-andrewhsieh/build/toolchain/prefix/include/c++/4.8 --with-bugurl=http://source.android.com/source/report-bugs.html --enable-languages=c,c++ --disable-bootstrap --enable-plugins --enable-libgomp --enable-gnu-indirect-function --disable-libsanitizer --enable-gold --enable-threads --enable-graphite=yes --with-cloog-version=0.18.0 --with-isl-version=0.11.1 --enable-eh-frame-hdr-for-static --with-arch=armv5te --program-transform-name='s&^&arm-linux-androideabi-&' --enable-gold=default
Thread model: posix
gcc version 4.8 (GCC) 
configure:3241: $? = 0
configure:3230: /home/swang/Android/Sdk/ndk-bundle/toolchains/arm-linux-androideabi-4.8/prebuilt/linux-x86_64/bin/arm-linux-androideabi-gcc --sysroot=/home/swang/Android/Sdk/ndk-bundle/platforms/android-19/arch-arm/ -V >&5
arm-linux-androideabi-gcc: error: unrecognized command line option '-V'
arm-linux-androideabi-gcc: fatal error: no input files
compilation terminated.
configure:3241: $? = 1
configure:3230: /home/swang/Android/Sdk/ndk-bundle/toolchains/arm-linux-androideabi-4.8/prebuilt/linux-x86_64/bin/arm-linux-androideabi-gcc --sysroot=/home/swang/Android/Sdk/ndk-bundle/platforms/android-19/arch-arm/ -qversion >&5
arm-linux-androideabi-gcc: error: unrecognized command line option '-qversion'
arm-linux-androideabi-gcc: fatal error: no input files
compilation terminated.
configure:3241: $? = 1
configure:3261: checking whether the C compiler works
configure:3283: /home/swang/Android/Sdk/ndk-bundle/toolchains/arm-linux-androideabi-4.8/prebuilt/linux-x86_64/bin/arm-linux-androideabi-gcc --sysroot=/home/swang/Android/Sdk/ndk-bundle/platforms/android-19/arch-arm/ -mthumb  -Wl,--fix-cortex-a8 conftest.c  >&5
configure:3287: $? = 0
configure:3336: result: yes
configure:3339: checking for C compiler default output file name
configure:3341: result: a.out
configure:3347: checking for suffix of executables
configure:3354: /home/swang/Android/Sdk/ndk-bundle/toolchains/arm-linux-androideabi-4.8/prebuilt/linux-x86_64/bin/arm-linux-androideabi-gcc --sysroot=/home/swang/Android/Sdk/ndk-bundle/platforms/android-19/arch-arm/ -o conftest -mthumb  -Wl,--fix-cortex-a8 conftest.c  >&5
configure:3358: $? = 0
configure:3380: result: 
configure:3402: checking whether we are cross compiling
configure:3410: /home/swang/Android/Sdk/ndk-bundle/toolchains/arm-linux-androideabi-4.8/prebuilt/linux-x86_64/bin/arm-linux-androideabi-gcc --sysroot=/home/swang/Android/Sdk/ndk-bundle/platforms/android-19/arch-arm/ -o conftest -mthumb  -Wl,--fix-cortex-a8 conftest.c  >&5
configure:3414: $? = 0
configure:3421: ./conftest
./configure: line 3423: ./conftest: cannot execute binary file: Exec format error
configure:3425: $? = 126
configure:3440: result: yes
configure:3445: checking for suffix of object files
configure:3467: /home/swang/Android/Sdk/ndk-bundle/toolchains/arm-linux-androideabi-4.8/prebuilt/linux-x86_64/bin/arm-linux-androideabi-gcc --sysroot=/home/swang/Android/Sdk/ndk-bundle/platforms/android-19/arch-arm/ -c -mthumb  conftest.c >&5
configure:3471: $? = 0
configure:3492: result: o
configure:3496: checking whether we are using the GNU C compiler
configure:3515: /home/swang/Android/Sdk/ndk-bundle/toolchains/arm-linux-androideabi-4.8/prebuilt/linux-x86_64/bin/arm-linux-androideabi-gcc --sysroot=/home/swang/Android/Sdk/ndk-bundle/platforms/android-19/arch-arm/ -c -mthumb  conftest.c >&5
configure:3515: $? = 0
configure:3524: result: yes
configure:3533: checking whether /home/swang/Android/Sdk/ndk-bundle/toolchains/arm-linux-androideabi-4.8/prebuilt/linux-x86_64/bin/arm-linux-androideabi-gcc --sysroot=/home/swang/Android/Sdk/ndk-bundle/platforms/android-19/arch-arm/ accepts -g
configure:3553: /home/swang/Android/Sdk/ndk-bundle/toolchains/arm-linux-androideabi-4.8/prebuilt/linux-x86_64/bin/arm-linux-androideabi-gcc --sysroot=/home/swang/Android/Sdk/ndk-bundle/platforms/android-19/arch-arm/ -c -g  conftest.c >&5
configure:3553: $? = 0
configure:3594: result: yes
configure:3611: checking for /home/swang/Android/Sdk/ndk-bundle/toolchains/arm-linux-androideabi-4.8/prebuilt/linux-x86_64/bin/arm-linux-androideabi-gcc --sysroot=/home/swang/Android/Sdk/ndk-bundle/platforms/android-19/arch-arm/ option to accept ISO C89
configure:3675: /home/swang/Android/Sdk/ndk-bundle/toolchains/arm-linux-androideabi-4.8/prebuilt/linux-x86_64/bin/arm-linux-androideabi-gcc --sysroot=/home/swang/Android/Sdk/ndk-bundle/platforms/android-19/arch-arm/  -c -mthumb  conftest.c >&5
configure:3675: $? = 0
configure:3688: result: none needed
configure:3719: checking for style of include used by make
configure:3747: result: GNU
configure:3772: checking dependency style of /home/swang/Android/Sdk/ndk-bundle/toolchains/arm-linux-androideabi-4.8/prebuilt/linux-x86_64/bin/arm-linux-androideabi-gcc --sysroot=/home/swang/Android/Sdk/ndk-bundle/platforms/android-19/arch-arm/
configure:3882: result: gcc3
configure:3926: checking build system type
configure:3940: result: x86_64-unknown-linux-gnu
configure:3960: checking host system type
configure:3973: result: arm-unknown-linux-androideabi
configure:3993: checking for a sed that does not truncate output
configure:4057: result: /bin/sed
configure:4075: checking for grep that handles long lines and -e
configure:4133: result: /bin/grep
configure:4138: checking for egrep
configure:4200: result: /bin/grep -E
configure:4205: checking for fgrep
configure:4267: result: /bin/grep -F
configure:4302: checking for ld used by /home/swang/Android/Sdk/ndk-bundle/toolchains/arm-linux-androideabi-4.8/prebuilt/linux-x86_64/bin/arm-linux-androideabi-gcc --sysroot=/home/swang/Android/Sdk/ndk-bundle/platforms/android-19/arch-arm/
configure:4369: result: /home/swang/Android/Sdk/ndk-bundle/toolchains/arm-linux-androideabi-4.8/prebuilt/linux-x86_64/arm-linux-androideabi/bin/ld
configure:4376: checking if the linker (/home/swang/Android/Sdk/ndk-bundle/toolchains/arm-linux-androideabi-4.8/prebuilt/linux-x86_64/arm-linux-androideabi/bin/ld) is GNU ld
configure:4391: result: yes
configure:4403: checking for BSD- or MS-compatible name lister (nm)
configure:4452: result: no
configure:4463: checking for arm-linux-androideabi-dumpbin
configure:4493: result: no
configure:4463: checking for arm-linux-androideabi-link
configure:4493: result: no
configure:4507: checking for dumpbin
configure:4537: result: no
configure:4507: checking for link
configure:4523: found /usr/bin/link
configure:4534: result: link -dump -symbols
configure:4550: WARNING: using cross tools not prefixed with host triplet
configure:4570: checking the name lister (link -dump -symbols) interface
configure:4577: /home/swang/Android/Sdk/ndk-bundle/toolchains/arm-linux-androideabi-4.8/prebuilt/linux-x86_64/bin/arm-linux-androideabi-gcc --sysroot=/home/swang/Android/Sdk/ndk-bundle/platforms/android-19/arch-arm/ -c -mthumb  conftest.c >&5
configure:4580: link -dump -symbols "conftest.o"
link: invalid option -- 'd'
Try 'link --help' for more information.
configure:4583: output
configure:4590: result: BSD nm
configure:4593: checking whether ln -s works
configure:4597: result: yes
configure:4605: checking the maximum length of command line arguments
configure:4725: result: 1572864
configure:4742: checking whether the shell understands some XSI constructs
configure:4752: result: yes
configure:4756: checking whether the shell understands "+="
configure:4762: result: yes
configure:4797: checking for /home/swang/Android/Sdk/ndk-bundle/toolchains/arm-linux-androideabi-4.8/prebuilt/linux-x86_64/arm-linux-androideabi/bin/ld option to reload object files
configure:4804: result: -r
configure:4833: checking for arm-linux-androideabi-objdump
configure:4863: result: no
configure:4873: checking for objdump
configure:4889: found /usr/bin/objdump
configure:4900: result: objdump
configure:4932: checking how to recognize dependent libraries
configure:5128: result: pass_all
configure:5148: checking for arm-linux-androideabi-ar
configure:5178: result: no
configure:5188: checking for ar
configure:5204: found /usr/bin/ar
configure:5215: result: ar
configure:5253: checking for arm-linux-androideabi-strip
configure:5280: result: strip
configure:5352: checking for arm-linux-androideabi-ranlib
configure:5382: result: no
configure:5392: checking for ranlib
configure:5408: found /usr/bin/ranlib
configure:5419: result: ranlib
configure:5509: checking command to parse link -dump -symbols output from /home/swang/Android/Sdk/ndk-bundle/toolchains/arm-linux-androideabi-4.8/prebuilt/linux-x86_64/bin/arm-linux-androideabi-gcc --sysroot=/home/swang/Android/Sdk/ndk-bundle/platforms/android-19/arch-arm/ object
configure:5627: /home/swang/Android/Sdk/ndk-bundle/toolchains/arm-linux-androideabi-4.8/prebuilt/linux-x86_64/bin/arm-linux-androideabi-gcc --sysroot=/home/swang/Android/Sdk/ndk-bundle/platforms/android-19/arch-arm/ -c -mthumb  conftest.c >&5
configure:5630: $? = 0
configure:5634: link -dump -symbols conftest.o \| sed -n -e 's/^.*[	 ]\([BCDEGRST][BCDEGRST]*\)[	 ][	 ]*\([_A-Za-z][_A-Za-z0-9]*\)$/\1 \2 \2/p' \> conftest.nm
link: invalid option -- 'd'
Try 'link --help' for more information.
configure:5637: $? = 0
cannot run sed -n -e 's/^.*[	 ]\([BCDEGRST][BCDEGRST]*\)[	 ][	 ]*\([_A-Za-z][_A-Za-z0-9]*\)$/\1 \2 \2/p'
configure:5627: /home/swang/Android/Sdk/ndk-bundle/toolchains/arm-linux-androideabi-4.8/prebuilt/linux-x86_64/bin/arm-linux-androideabi-gcc --sysroot=/home/swang/Android/Sdk/ndk-bundle/platforms/android-19/arch-arm/ -c -mthumb  conftest.c >&5
configure:5630: $? = 0
configure:5634: link -dump -symbols conftest.o \| sed -n -e 's/^.*[	 ]\([BCDEGRST][BCDEGRST]*\)[	 ][	 ]*_\([_A-Za-z][_A-Za-z0-9]*\)$/\1 _\2 \2/p' \> conftest.nm
link: invalid option -- 'd'
Try 'link --help' for more information.
configure:5637: $? = 0
cannot run sed -n -e 's/^.*[	 ]\([BCDEGRST][BCDEGRST]*\)[	 ][	 ]*_\([_A-Za-z][_A-Za-z0-9]*\)$/\1 _\2 \2/p'
configure:5729: result: failed
configure:6541: checking how to run the C preprocessor
configure:6572: /home/swang/Android/Sdk/ndk-bundle/toolchains/arm-linux-androideabi-4.8/prebuilt/linux-x86_64/bin/arm-linux-androideabi-gcc --sysroot=/home/swang/Android/Sdk/ndk-bundle/platforms/android-19/arch-arm/ -E  conftest.c
configure:6572: $? = 0
configure:6586: /home/swang/Android/Sdk/ndk-bundle/toolchains/arm-linux-androideabi-4.8/prebuilt/linux-x86_64/bin/arm-linux-androideabi-gcc --sysroot=/home/swang/Android/Sdk/ndk-bundle/platforms/android-19/arch-arm/ -E  conftest.c
conftest.c:11:28: fatal error: ac_nonexistent.h: No such file or directory
 #include <ac_nonexistent.h>
                            ^
compilation terminated.
configure:6586: $? = 1
configure: failed program was:
| /* confdefs.h */
| #define PACKAGE_NAME ""
| #define PACKAGE_TARNAME ""
| #define PACKAGE_VERSION ""
| #define PACKAGE_STRING ""
| #define PACKAGE_BUGREPORT ""
| #define PACKAGE_URL ""
| #define PACKAGE "libbmp"
| #define VERSION "0.1.3"
| /* end confdefs.h.  */
| #include <ac_nonexistent.h>
configure:6611: result: /home/swang/Android/Sdk/ndk-bundle/toolchains/arm-linux-androideabi-4.8/prebuilt/linux-x86_64/bin/arm-linux-androideabi-gcc --sysroot=/home/swang/Android/Sdk/ndk-bundle/platforms/android-19/arch-arm/ -E
configure:6631: /home/swang/Android/Sdk/ndk-bundle/toolchains/arm-linux-androideabi-4.8/prebuilt/linux-x86_64/bin/arm-linux-androideabi-gcc --sysroot=/home/swang/Android/Sdk/ndk-bundle/platforms/android-19/arch-arm/ -E  conftest.c
configure:6631: $? = 0
configure:6645: /home/swang/Android/Sdk/ndk-bundle/toolchains/arm-linux-androideabi-4.8/prebuilt/linux-x86_64/bin/arm-linux-androideabi-gcc --sysroot=/home/swang/Android/Sdk/ndk-bundle/platforms/android-19/arch-arm/ -E  conftest.c
conftest.c:11:28: fatal error: ac_nonexistent.h: No such file or directory
 #include <ac_nonexistent.h>
                            ^
compilation terminated.
configure:6645: $? = 1
configure: failed program was:
| /* confdefs.h */
| #define PACKAGE_NAME ""
| #define PACKAGE_TARNAME ""
| #define PACKAGE_VERSION ""
| #define PACKAGE_STRING ""
| #define PACKAGE_BUGREPORT ""
| #define PACKAGE_URL ""
| #define PACKAGE "libbmp"
| #define VERSION "0.1.3"
| /* end confdefs.h.  */
| #include <ac_nonexistent.h>
configure:6674: checking for ANSI C header files
configure:6694: /home/swang/Android/Sdk/ndk-bundle/toolchains/arm-linux-androideabi-4.8/prebuilt/linux-x86_64/bin/arm-linux-androideabi-gcc --sysroot=/home/swang/Android/Sdk/ndk-bundle/platforms/android-19/arch-arm/ -c -mthumb  conftest.c >&5
configure:6694: $? = 0
configure:6778: result: yes
configure:6791: checking for sys/types.h
configure:6791: /home/swang/Android/Sdk/ndk-bundle/toolchains/arm-linux-androideabi-4.8/prebuilt/linux-x86_64/bin/arm-linux-androideabi-gcc --sysroot=/home/swang/Android/Sdk/ndk-bundle/platforms/android-19/arch-arm/ -c -mthumb  conftest.c >&5
configure:6791: $? = 0
configure:6791: result: yes
configure:6791: checking for sys/stat.h
configure:6791: /home/swang/Android/Sdk/ndk-bundle/toolchains/arm-linux-androideabi-4.8/prebuilt/linux-x86_64/bin/arm-linux-androideabi-gcc --sysroot=/home/swang/Android/Sdk/ndk-bundle/platforms/android-19/arch-arm/ -c -mthumb  conftest.c >&5
configure:6791: $? = 0
configure:6791: result: yes
configure:6791: checking for stdlib.h
configure:6791: /home/swang/Android/Sdk/ndk-bundle/toolchains/arm-linux-androideabi-4.8/prebuilt/linux-x86_64/bin/arm-linux-androideabi-gcc --sysroot=/home/swang/Android/Sdk/ndk-bundle/platforms/android-19/arch-arm/ -c -mthumb  conftest.c >&5
configure:6791: $? = 0
configure:6791: result: yes
configure:6791: checking for string.h
configure:6791: /home/swang/Android/Sdk/ndk-bundle/toolchains/arm-linux-androideabi-4.8/prebuilt/linux-x86_64/bin/arm-linux-androideabi-gcc --sysroot=/home/swang/Android/Sdk/ndk-bundle/platforms/android-19/arch-arm/ -c -mthumb  conftest.c >&5
configure:6791: $? = 0
configure:6791: result: yes
configure:6791: checking for memory.h
configure:6791: /home/swang/Android/Sdk/ndk-bundle/toolchains/arm-linux-androideabi-4.8/prebuilt/linux-x86_64/bin/arm-linux-androideabi-gcc --sysroot=/home/swang/Android/Sdk/ndk-bundle/platforms/android-19/arch-arm/ -c -mthumb  conftest.c >&5
configure:6791: $? = 0
configure:6791: result: yes
configure:6791: checking for strings.h
configure:6791: /home/swang/Android/Sdk/ndk-bundle/toolchains/arm-linux-androideabi-4.8/prebuilt/linux-x86_64/bin/arm-linux-androideabi-gcc --sysroot=/home/swang/Android/Sdk/ndk-bundle/platforms/android-19/arch-arm/ -c -mthumb  conftest.c >&5
configure:6791: $? = 0
configure:6791: result: yes
configure:6791: checking for inttypes.h
configure:6791: /home/swang/Android/Sdk/ndk-bundle/toolchains/arm-linux-androideabi-4.8/prebuilt/linux-x86_64/bin/arm-linux-androideabi-gcc --sysroot=/home/swang/Android/Sdk/ndk-bundle/platforms/android-19/arch-arm/ -c -mthumb  conftest.c >&5
configure:6791: $? = 0
configure:6791: result: yes
configure:6791: checking for stdint.h
configure:6791: /home/swang/Android/Sdk/ndk-bundle/toolchains/arm-linux-androideabi-4.8/prebuilt/linux-x86_64/bin/arm-linux-androideabi-gcc --sysroot=/home/swang/Android/Sdk/ndk-bundle/platforms/android-19/arch-arm/ -c -mthumb  conftest.c >&5
configure:6791: $? = 0
configure:6791: result: yes
configure:6791: checking for unistd.h
configure:6791: /home/swang/Android/Sdk/ndk-bundle/toolchains/arm-linux-androideabi-4.8/prebuilt/linux-x86_64/bin/arm-linux-androideabi-gcc --sysroot=/home/swang/Android/Sdk/ndk-bundle/platforms/android-19/arch-arm/ -c -mthumb  conftest.c >&5
configure:6791: $? = 0
configure:6791: result: yes
configure:6806: checking for dlfcn.h
configure:6806: /home/swang/Android/Sdk/ndk-bundle/toolchains/arm-linux-androideabi-4.8/prebuilt/linux-x86_64/bin/arm-linux-androideabi-gcc --sysroot=/home/swang/Android/Sdk/ndk-bundle/platforms/android-19/arch-arm/ -c -mthumb  conftest.c >&5
configure:6806: $? = 0
configure:6806: result: yes
configure:6990: checking for objdir
configure:7005: result: .libs
configure:7301: checking if /home/swang/Android/Sdk/ndk-bundle/toolchains/arm-linux-androideabi-4.8/prebuilt/linux-x86_64/bin/arm-linux-androideabi-gcc --sysroot=/home/swang/Android/Sdk/ndk-bundle/platforms/android-19/arch-arm/ supports -fno-rtti -fno-exceptions
configure:7319: /home/swang/Android/Sdk/ndk-bundle/toolchains/arm-linux-androideabi-4.8/prebuilt/linux-x86_64/bin/arm-linux-androideabi-gcc --sysroot=/home/swang/Android/Sdk/ndk-bundle/platforms/android-19/arch-arm/ -c -mthumb  -fno-rtti -fno-exceptions conftest.c >&5
cc1: warning: command line option '-fno-rtti' is valid for C++/ObjC++ but not for C [enabled by default]
configure:7323: $? = 0
configure:7336: result: no
configure:7356: checking for /home/swang/Android/Sdk/ndk-bundle/toolchains/arm-linux-androideabi-4.8/prebuilt/linux-x86_64/bin/arm-linux-androideabi-gcc --sysroot=/home/swang/Android/Sdk/ndk-bundle/platforms/android-19/arch-arm/ option to produce PIC
configure:7628: result: -fPIC -DPIC
configure:7640: checking if /home/swang/Android/Sdk/ndk-bundle/toolchains/arm-linux-androideabi-4.8/prebuilt/linux-x86_64/bin/arm-linux-androideabi-gcc --sysroot=/home/swang/Android/Sdk/ndk-bundle/platforms/android-19/arch-arm/ PIC flag -fPIC -DPIC works
configure:7658: /home/swang/Android/Sdk/ndk-bundle/toolchains/arm-linux-androideabi-4.8/prebuilt/linux-x86_64/bin/arm-linux-androideabi-gcc --sysroot=/home/swang/Android/Sdk/ndk-bundle/platforms/android-19/arch-arm/ -c -mthumb  -fPIC -DPIC -DPIC conftest.c >&5
configure:7662: $? = 0
configure:7675: result: yes
configure:7699: checking if /home/swang/Android/Sdk/ndk-bundle/toolchains/arm-linux-androideabi-4.8/prebuilt/linux-x86_64/bin/arm-linux-androideabi-gcc --sysroot=/home/swang/Android/Sdk/ndk-bundle/platforms/android-19/arch-arm/ static flag -static works
configure:7727: result: yes
configure:7742: checking if /home/swang/Android/Sdk/ndk-bundle/toolchains/arm-linux-androideabi-4.8/prebuilt/linux-x86_64/bin/arm-linux-androideabi-gcc --sysroot=/home/swang/Android/Sdk/ndk-bundle/platforms/android-19/arch-arm/ supports -c -o file.o
configure:7763: /home/swang/Android/Sdk/ndk-bundle/toolchains/arm-linux-androideabi-4.8/prebuilt/linux-x86_64/bin/arm-linux-androideabi-gcc --sysroot=/home/swang/Android/Sdk/ndk-bundle/platforms/android-19/arch-arm/ -c -mthumb  -o out/conftest2.o conftest.c >&5
configure:7767: $? = 0
configure:7789: result: yes
configure:7797: checking if /home/swang/Android/Sdk/ndk-bundle/toolchains/arm-linux-androideabi-4.8/prebuilt/linux-x86_64/bin/arm-linux-androideabi-gcc --sysroot=/home/swang/Android/Sdk/ndk-bundle/platforms/android-19/arch-arm/ supports -c -o file.o
configure:7844: result: yes
configure:7877: checking whether the /home/swang/Android/Sdk/ndk-bundle/toolchains/arm-linux-androideabi-4.8/prebuilt/linux-x86_64/bin/arm-linux-androideabi-gcc --sysroot=/home/swang/Android/Sdk/ndk-bundle/platforms/android-19/arch-arm/ linker (/home/swang/Android/Sdk/ndk-bundle/toolchains/arm-linux-androideabi-4.8/prebuilt/linux-x86_64/arm-linux-androideabi/bin/ld) supports shared libraries
configure:8863: result: yes
configure:8900: checking whether -lc should be explicitly linked in
configure:8905: /home/swang/Android/Sdk/ndk-bundle/toolchains/arm-linux-androideabi-4.8/prebuilt/linux-x86_64/bin/arm-linux-androideabi-gcc --sysroot=/home/swang/Android/Sdk/ndk-bundle/platforms/android-19/arch-arm/ -c -mthumb  conftest.c >&5
configure:8908: $? = 0
configure:8923: /home/swang/Android/Sdk/ndk-bundle/toolchains/arm-linux-androideabi-4.8/prebuilt/linux-x86_64/bin/arm-linux-androideabi-gcc --sysroot=/home/swang/Android/Sdk/ndk-bundle/platforms/android-19/arch-arm/ -shared conftest.o  -v -Wl,-soname -Wl,conftest -o conftest 2\>\&1 \| /bin/grep  -lc  \>/dev/null 2\>\&1
configure:8926: $? = 0
configure:8938: result: no
configure:9102: checking dynamic linker characteristics
configure:9548: /home/swang/Android/Sdk/ndk-bundle/toolchains/arm-linux-androideabi-4.8/prebuilt/linux-x86_64/bin/arm-linux-androideabi-gcc --sysroot=/home/swang/Android/Sdk/ndk-bundle/platforms/android-19/arch-arm/ -o conftest -mthumb  -Wl,--fix-cortex-a8 -Wl,-rpath -Wl,/foo conftest.c  >&5
configure:9548: $? = 0
configure:9766: result: GNU/Linux ld.so
configure:9868: checking how to hardcode library paths into programs
configure:9893: result: immediate
configure:10413: checking whether stripping libraries is possible
configure:10418: result: yes
configure:10453: checking if libtool supports shared libraries
configure:10455: result: yes
configure:10458: checking whether to build shared libraries
configure:10479: result: yes
configure:10482: checking whether to build static libraries
configure:10486: result: yes
configure:10523: checking for ANSI C header files
configure:10627: result: yes
configure:10638: checking for stdlib.h
configure:10638: result: yes
configure:10638: checking for string.h
configure:10638: result: yes
configure:10651: checking for size_t
configure:10651: /home/swang/Android/Sdk/ndk-bundle/toolchains/arm-linux-androideabi-4.8/prebuilt/linux-x86_64/bin/arm-linux-androideabi-gcc --sysroot=/home/swang/Android/Sdk/ndk-bundle/platforms/android-19/arch-arm/ -c -mthumb  conftest.c >&5
configure:10651: $? = 0
configure:10651: /home/swang/Android/Sdk/ndk-bundle/toolchains/arm-linux-androideabi-4.8/prebuilt/linux-x86_64/bin/arm-linux-androideabi-gcc --sysroot=/home/swang/Android/Sdk/ndk-bundle/platforms/android-19/arch-arm/ -c -mthumb  conftest.c >&5
conftest.c: In function 'main':
conftest.c:62:21: error: expected expression before ')' token
 if (sizeof ((size_t)))
                     ^
configure:10651: $? = 1
configure: failed program was:
| /* confdefs.h */
| #define PACKAGE_NAME ""
| #define PACKAGE_TARNAME ""
| #define PACKAGE_VERSION ""
| #define PACKAGE_STRING ""
| #define PACKAGE_BUGREPORT ""
| #define PACKAGE_URL ""
| #define PACKAGE "libbmp"
| #define VERSION "0.1.3"
| #define STDC_HEADERS 1
| #define HAVE_SYS_TYPES_H 1
| #define HAVE_SYS_STAT_H 1
| #define HAVE_STDLIB_H 1
| #define HAVE_STRING_H 1
| #define HAVE_MEMORY_H 1
| #define HAVE_STRINGS_H 1
| #define HAVE_INTTYPES_H 1
| #define HAVE_STDINT_H 1
| #define HAVE_UNISTD_H 1
| #define HAVE_DLFCN_H 1
| #define LT_OBJDIR ".libs/"
| #define STDC_HEADERS 1
| #define HAVE_STDLIB_H 1
| #define HAVE_STRING_H 1
| /* end confdefs.h.  */
| #include <stdio.h>
| #ifdef HAVE_SYS_TYPES_H
| # include <sys/types.h>
| #endif
| #ifdef HAVE_SYS_STAT_H
| # include <sys/stat.h>
| #endif
| #ifdef STDC_HEADERS
| # include <stdlib.h>
| # include <stddef.h>
| #else
| # ifdef HAVE_STDLIB_H
| #  include <stdlib.h>
| # endif
| #endif
| #ifdef HAVE_STRING_H
| # if !defined STDC_HEADERS && defined HAVE_MEMORY_H
| #  include <memory.h>
| # endif
| # include <string.h>
| #endif
| #ifdef HAVE_STRINGS_H
| # include <strings.h>
| #endif
| #ifdef HAVE_INTTYPES_H
| # include <inttypes.h>
| #endif
| #ifdef HAVE_STDINT_H
| # include <stdint.h>
| #endif
| #ifdef HAVE_UNISTD_H
| # include <unistd.h>
| #endif
| int
| main ()
| {
| if (sizeof ((size_t)))
| 	    return 0;
|   ;
|   return 0;
| }
configure:10651: result: yes
configure:10662: checking for uint8_t
configure:10662: /home/swang/Android/Sdk/ndk-bundle/toolchains/arm-linux-androideabi-4.8/prebuilt/linux-x86_64/bin/arm-linux-androideabi-gcc --sysroot=/home/swang/Android/Sdk/ndk-bundle/platforms/android-19/arch-arm/ -c -mthumb  conftest.c >&5
configure:10662: $? = 0
configure:10662: result: yes
configure:10676: checking for uint16_t
configure:10676: /home/swang/Android/Sdk/ndk-bundle/toolchains/arm-linux-androideabi-4.8/prebuilt/linux-x86_64/bin/arm-linux-androideabi-gcc --sysroot=/home/swang/Android/Sdk/ndk-bundle/platforms/android-19/arch-arm/ -c -mthumb  conftest.c >&5
configure:10676: $? = 0
configure:10676: result: yes
configure:10688: checking for uint32_t
configure:10688: /home/swang/Android/Sdk/ndk-bundle/toolchains/arm-linux-androideabi-4.8/prebuilt/linux-x86_64/bin/arm-linux-androideabi-gcc --sysroot=/home/swang/Android/Sdk/ndk-bundle/platforms/android-19/arch-arm/ -c -mthumb  conftest.c >&5
configure:10688: $? = 0
configure:10688: result: yes
configure:10706: checking for stdlib.h
configure:10706: result: yes
configure:10716: checking for GNU libc compatible malloc
configure:10750: result: no
configure:10907: creating ./config.status

## ---------------------- ##
## Running config.status. ##
## ---------------------- ##

This file was extended by config.status, which was
generated by GNU Autoconf 2.65.  Invocation command line was

  CONFIG_FILES    = 
  CONFIG_HEADERS  = 
  CONFIG_LINKS    = 
  CONFIG_COMMANDS = 
  $ ./config.status 

on manu-desktop

config.status:1076: creating libbmp.pc
config.status:1076: creating Makefile
config.status:1076: creating src/Makefile
config.status:1076: creating test/Makefile
config.status:1076: creating build/Makefile
config.status:1076: creating config.h
config.status:1248: config.h is unchanged
config.status:1296: executing depfiles commands
config.status:1296: executing libtool commands

## ---------------- ##
## Cache variables. ##
## ---------------- ##

ac_cv_build=x86_64-unknown-linux-gnu
ac_cv_c_compiler_gnu=yes
ac_cv_c_uint16_t=yes
ac_cv_c_uint32_t=yes
ac_cv_c_uint8_t=yes
ac_cv_env_CC_set=set
ac_cv_env_CC_value='/home/swang/Android/Sdk/ndk-bundle/toolchains/arm-linux-androideabi-4.8/prebuilt/linux-x86_64/bin/arm-linux-androideabi-gcc --sysroot=/home/swang/Android/Sdk/ndk-bundle/platforms/android-19/arch-arm/'
ac_cv_env_CFLAGS_set=set
ac_cv_env_CFLAGS_value=-mthumb
ac_cv_env_CPPFLAGS_set=
ac_cv_env_CPPFLAGS_value=
ac_cv_env_CPP_set=
ac_cv_env_CPP_value=
ac_cv_env_LDFLAGS_set=set
ac_cv_env_LDFLAGS_value=-Wl,--fix-cortex-a8
ac_cv_env_LIBS_set=
ac_cv_env_LIBS_value=
ac_cv_env_build_alias_set=
ac_cv_env_build_alias_value=
ac_cv_env_host_alias_set=set
ac_cv_env_host_alias_value=arm-linux-androideabi
ac_cv_env_target_alias_set=
ac_cv_env_target_alias_value=
ac_cv_func_malloc_0_nonnull=no
ac_cv_header_dlfcn_h=yes
ac_cv_header_inttypes_h=yes
ac_cv_header_memory_h=yes
ac_cv_header_stdc=yes
ac_cv_header_stdint_h=yes
ac_cv_header_stdlib_h=yes
ac_cv_header_string_h=yes
ac_cv_header_strings_h=yes
ac_cv_header_sys_stat_h=yes
ac_cv_header_sys_types_h=yes
ac_cv_header_unistd_h=yes
ac_cv_host=arm-unknown-linux-androideabi
ac_cv_objext=o
ac_cv_path_EGREP='/bin/grep -E'
ac_cv_path_FGREP='/bin/grep -F'
ac_cv_path_GREP=/bin/grep
ac_cv_path_SED=/bin/sed
ac_cv_path_install='/usr/bin/install -c'
ac_cv_path_mkdir=/bin/mkdir
ac_cv_prog_AWK=gawk
ac_cv_prog_CC='/home/swang/Android/Sdk/ndk-bundle/toolchains/arm-linux-androideabi-4.8/prebuilt/linux-x86_64/bin/arm-linux-androideabi-gcc --sysroot=/home/swang/Android/Sdk/ndk-bundle/platforms/android-19/arch-arm/'
ac_cv_prog_CPP='/home/swang/Android/Sdk/ndk-bundle/toolchains/arm-linux-androideabi-4.8/prebuilt/linux-x86_64/bin/arm-linux-androideabi-gcc --sysroot=/home/swang/Android/Sdk/ndk-bundle/platforms/android-19/arch-arm/ -E'
ac_cv_prog_STRIP=strip
ac_cv_prog_ac_ct_AR=ar
ac_cv_prog_ac_ct_DUMPBIN='link -dump -symbols'
ac_cv_prog_ac_ct_OBJDUMP=objdump
ac_cv_prog_ac_ct_RANLIB=ranlib
ac_cv_prog_ac_ct_STRIP=strip
ac_cv_prog_cc_c89=
ac_cv_prog_cc_g=yes
ac_cv_prog_make_make_set=yes
ac_cv_type_size_t=yes
am_cv_CC_dependencies_compiler_type=gcc3
lt_cv_deplibs_check_method=pass_all
lt_cv_file_magic_cmd='$MAGIC_CMD'
lt_cv_file_magic_test_file=
lt_cv_ld_reload_flag=-r
lt_cv_nm_interface='BSD nm'
lt_cv_objdir=.libs
lt_cv_path_LD=/home/swang/Android/Sdk/ndk-bundle/toolchains/arm-linux-androideabi-4.8/prebuilt/linux-x86_64/arm-linux-androideabi/bin/ld
lt_cv_path_NM=no
lt_cv_prog_compiler_c_o=yes
lt_cv_prog_compiler_pic_works=yes
lt_cv_prog_compiler_rtti_exceptions=no
lt_cv_prog_compiler_static_works=yes
lt_cv_prog_gnu_ld=yes
lt_cv_sys_global_symbol_pipe=
lt_cv_sys_global_symbol_to_c_name_address='sed -n -e '\''s/^: \([^ ]*\) $/  {\"\1\", (void *) 0},/p'\'' -e '\''s/^[BCDEGRST]* \([^ ]*\) \([^ ]*\)$/  {"\2", (void *) \&\2},/p'\'''
lt_cv_sys_global_symbol_to_c_name_address_lib_prefix='sed -n -e '\''s/^: \([^ ]*\) $/  {\"\1\", (void *) 0},/p'\'' -e '\''s/^[BCDEGRST]* \([^ ]*\) \(lib[^ ]*\)$/  {"\2", (void *) \&\2},/p'\'' -e '\''s/^[BCDEGRST]* \([^ ]*\) \([^ ]*\)$/  {"lib\2", (void *) \&\2},/p'\'''
lt_cv_sys_global_symbol_to_cdecl=
lt_cv_sys_max_cmd_len=1572864

## ----------------- ##
## Output variables. ##
## ----------------- ##

ACLOCAL='${SHELL} /home/swang/AndroidStudioProjects/samples/PortingExistingBuildSystem/app/src/main/jni/libbmp-0.1.3/missing --run aclocal-1.11'
AMDEPBACKSLASH='\'
AMDEP_FALSE='#'
AMDEP_TRUE=''
AMTAR='${SHELL} /home/swang/AndroidStudioProjects/samples/PortingExistingBuildSystem/app/src/main/jni/libbmp-0.1.3/missing --run tar'
AR='ar'
AUTOCONF='${SHELL} /home/swang/AndroidStudioProjects/samples/PortingExistingBuildSystem/app/src/main/jni/libbmp-0.1.3/missing --run autoconf'
AUTOHEADER='${SHELL} /home/swang/AndroidStudioProjects/samples/PortingExistingBuildSystem/app/src/main/jni/libbmp-0.1.3/missing --run autoheader'
AUTOMAKE='${SHELL} /home/swang/AndroidStudioProjects/samples/PortingExistingBuildSystem/app/src/main/jni/libbmp-0.1.3/missing --run automake-1.11'
AWK='gawk'
CC='/home/swang/Android/Sdk/ndk-bundle/toolchains/arm-linux-androideabi-4.8/prebuilt/linux-x86_64/bin/arm-linux-androideabi-gcc --sysroot=/home/swang/Android/Sdk/ndk-bundle/platforms/android-19/arch-arm/'
CCDEPMODE='depmode=gcc3'
CFLAGS='-mthumb'
CPP='/home/swang/Android/Sdk/ndk-bundle/toolchains/arm-linux-androideabi-4.8/prebuilt/linux-x86_64/bin/arm-linux-androideabi-gcc --sysroot=/home/swang/Android/Sdk/ndk-bundle/platforms/android-19/arch-arm/ -E'
CPPFLAGS=''
CYGPATH_W='echo'
DEFS='-DHAVE_CONFIG_H'
DEPDIR='.deps'
DSYMUTIL=''
DUMPBIN='link -dump -symbols'
ECHO_C=''
ECHO_N='-n'
ECHO_T=''
EGREP='/bin/grep -E'
EXEEXT=''
FGREP='/bin/grep -F'
GREP='/bin/grep'
INSTALL_DATA='${INSTALL} -m 644'
INSTALL_PROGRAM='${INSTALL}'
INSTALL_SCRIPT='${INSTALL}'
INSTALL_STRIP_PROGRAM='$(install_sh) -c -s'
LD='/home/swang/Android/Sdk/ndk-bundle/toolchains/arm-linux-androideabi-4.8/prebuilt/linux-x86_64/arm-linux-androideabi/bin/ld'
LDFLAGS='-Wl,--fix-cortex-a8'
LIBOBJS=' ${LIBOBJDIR}malloc$U.o'
LIBS=''
LIBTOOL='$(SHELL) $(top_builddir)/libtool'
LIPO=''
LN_S='ln -s'
LTLIBOBJS=' ${LIBOBJDIR}malloc$U.lo'
LT_AGE='101'
LT_CURRENT='101'
LT_CURRENT_MINUS_AGE='0'
LT_RELEASE='0.1'
LT_REVISION='2'
MAKEINFO='${SHELL} /home/swang/AndroidStudioProjects/samples/PortingExistingBuildSystem/app/src/main/jni/libbmp-0.1.3/missing --run makeinfo'
MKDIR_P='/bin/mkdir -p'
NM='link -dump -symbols'
NMEDIT=''
OBJDUMP='objdump'
OBJEXT='o'
OTOOL64=''
OTOOL=''
PACKAGE='libbmp'
PACKAGE_BUGREPORT=''
PACKAGE_NAME='libbmp'
PACKAGE_STRING=''
PACKAGE_TARNAME=''
PACKAGE_URL=''
PACKAGE_VERSION='0.1.3'
PATH_SEPARATOR=':'
RANLIB='ranlib'
SED='/bin/sed'
SET_MAKE=''
SHELL='/bin/bash'
STRIP='strip'
VERSION='0.1.3'
ac_ct_CC=''
ac_ct_DUMPBIN='link -dump -symbols'
am__EXEEXT_FALSE=''
am__EXEEXT_TRUE='#'
am__fastdepCC_FALSE='#'
am__fastdepCC_TRUE=''
am__include='include'
am__isrc=''
am__leading_dot='.'
am__quote=''
am__tar='${AMTAR} chof - "$$tardir"'
am__untar='${AMTAR} xf -'
bindir='${exec_prefix}/bin'
build='x86_64-unknown-linux-gnu'
build_alias=''
build_cpu='x86_64'
build_os='linux-gnu'
build_vendor='unknown'
datadir='${datarootdir}'
datarootdir='${prefix}/share'
docdir='${datarootdir}/doc/${PACKAGE}'
dvidir='${docdir}'
exec_prefix='/home/swang/AndroidStudioProjects/samples/PortingExistingBuildSystem/app/src/main/jni/libbmp-0.1.3'
host='arm-unknown-linux-androideabi'
host_alias='arm-linux-androideabi'
host_cpu='arm'
host_os='linux-androideabi'
host_vendor='unknown'
htmldir='${docdir}'
includedir='${prefix}/include'
infodir='${datarootdir}/info'
install_sh='${SHELL} /home/swang/AndroidStudioProjects/samples/PortingExistingBuildSystem/app/src/main/jni/libbmp-0.1.3/install-sh'
libdir='${exec_prefix}/lib'
libexecdir='${exec_prefix}/libexec'
localedir='${datarootdir}/locale'
localstatedir='${prefix}/var'
lt_ECHO='echo'
mandir='${datarootdir}/man'
mkdir_p='/bin/mkdir -p'
oldincludedir='/usr/include'
pdfdir='${docdir}'
prefix='/home/swang/AndroidStudioProjects/samples/PortingExistingBuildSystem/app/src/main/jni/libbmp-0.1.3'
program_transform_name='s,x,x,'
psdir='${docdir}'
sbindir='${exec_prefix}/sbin'
sharedstatedir='${prefix}/com'
sysconfdir='${prefix}/etc'
target_alias=''

## ----------- ##
## confdefs.h. ##
## ----------- ##

/* confdefs.h */
#define PACKAGE_NAME ""
#define PACKAGE_TARNAME ""
#define PACKAGE_VERSION ""
#define PACKAGE_STRING ""
#define PACKAGE_BUGREPORT ""
#define PACKAGE_URL ""
#define PACKAGE "libbmp"
#define VERSION "0.1.3"
#define STDC_HEADERS 1
#define HAVE_SYS_TYPES_H 1
#define HAVE_SYS_STAT_H 1
#define HAVE_STDLIB_H 1
#define HAVE_STRING_H 1
#define HAVE_MEMORY_H 1
#define HAVE_STRINGS_H 1
#define HAVE_INTTYPES_H 1
#define HAVE_STDINT_H 1
#define HAVE_UNISTD_H 1
#define HAVE_DLFCN_H 1
#define LT_OBJDIR ".libs/"
#define STDC_HEADERS 1
#define HAVE_STDLIB_H 1
#define HAVE_STRING_H 1
#define HAVE_STDLIB_H 1
#define HAVE_MALLOC 0
#define malloc rpl_malloc

configure: exit 0
